2023-07-19T03:50:04+00:00 ERROR cURL error 6: Could not resolve host: api.razorpay.com
2023-07-19T03:50:04+00:00 ERROR cURL error 6: Could not resolve host: api.razorpay.com
2023-07-19T03:50:31+00:00 ERROR cURL error 6: Could not resolve host: api.razorpay.com
2023-07-19T03:50:31+00:00 ERROR cURL error 6: Could not resolve host: api.razorpay.com
2023-07-19T03:50:31+00:00 ERROR cURL error 6: Could not resolve host: api.razorpay.com
2023-07-19T03:50:31+00:00 ERROR cURL error 6: Could not resolve host: api.razorpay.com
2023-07-19T03:50:31+00:00 ERROR cURL error 6: Could not resolve host: api.razorpay.com
2023-07-19T03:50:32+00:00 ERROR cURL error 6: Could not resolve host: api.razorpay.com
2023-07-19T04:24:54+00:00 INFO Trying to create one_cc_address_sync_cron
2023-07-19T04:24:54+00:00 INFO Failed to create one_cc_address_sync_cron as invalid one cc merchant
2023-07-19T04:24:54+00:00 INFO Attempting to delete one_cc_address_sync_cron, status: cancelled, message: invalid_1cc_merchant
2023-07-19T04:24:54+00:00 INFO Deleted one_cc_address_sync_cron  if exists
2023-07-19T04:24:54+00:00 INFO updateAddressSyncCronData: status=cancelled, message=invalid_1cc_merchant, cronStatus=deleted
2023-07-19T04:24:54+00:00 INFO create one_cc_plugin_sync_cron successful
2023-07-19T04:46:30+00:00 ERROR cURL error 6: Could not resolve host: api.razorpay.com
2023-07-19T04:46:47+00:00 ERROR cURL error 6: Could not resolve host: api.razorpay.com
2023-07-19T04:46:47+00:00 ERROR cURL error 6: Could not resolve host: api.razorpay.com
2023-07-19T04:47:10+00:00 ERROR cURL error 6: Could not resolve host: api.razorpay.com
2023-07-19T04:47:11+00:00 ERROR cURL error 6: Could not resolve host: api.razorpay.com
2023-07-19T04:47:28+00:00 ERROR cURL error 6: Could not resolve host: api.razorpay.com
2023-07-19T08:52:18+00:00 ERROR cURL error 6: Could not resolve host: api.razorpay.com
2023-07-19T08:58:54+00:00 ERROR cURL error 6: Could not resolve host: api.razorpay.com
2023-07-19T09:10:33+00:00 ERROR cURL error 6: Could not resolve host: api.razorpay.com
2023-07-19T09:15:20+00:00 ERROR cURL error 28: SSL connection timeout
2023-07-19T09:21:45+00:00 ERROR cURL error 28: SSL connection timeout
2023-07-19T09:21:46+00:00 ERROR cURL error 28: SSL connection timeout
2023-07-19T09:21:46+00:00 ERROR cURL error 28: SSL connection timeout
2023-07-19T09:21:46+00:00 ERROR cURL error 28: SSL connection timeout
2023-07-19T09:21:47+00:00 ERROR cURL error 28: SSL connection timeout
2023-07-19T09:24:16+00:00 ERROR cURL error 28: SSL connection timeout
2023-07-19T09:24:17+00:00 ERROR cURL error 28: SSL connection timeout
2023-07-19T09:24:17+00:00 ERROR cURL error 28: SSL connection timeout
2023-07-19T09:24:17+00:00 ERROR cURL error 28: SSL connection timeout
2023-07-19T09:24:18+00:00 ERROR cURL error 28: SSL connection timeout
2023-07-19T09:24:18+00:00 ERROR cURL error 28: SSL connection timeout
2023-07-19T09:24:22+00:00 ERROR cURL error 28: SSL connection timeout
2023-07-19T09:27:17+00:00 ERROR cURL error 28: SSL connection timeout
2023-07-19T09:27:18+00:00 ERROR cURL error 28: SSL connection timeout
2023-07-19T09:27:19+00:00 ERROR cURL error 28: SSL connection timeout
2023-07-19T09:27:21+00:00 ERROR cURL error 28: SSL connection timeout
2023-07-19T09:27:24+00:00 ERROR cURL error 28: SSL connection timeout
2023-07-19T09:33:47+00:00 ERROR cURL error 28: SSL connection timeout
2023-07-19T09:33:51+00:00 ERROR cURL error 28: SSL connection timeout
2023-07-19T09:33:54+00:00 ERROR cURL error 28: SSL connection timeout
2023-07-19T09:34:08+00:00 ERROR cURL error 28: SSL connection timeout
2023-07-19T09:36:19+00:00 ERROR cURL error 28: SSL connection timeout
2023-07-19T10:12:15+00:00 ERROR cURL error 6: Could not resolve host: api.razorpay.com
2023-07-19T10:12:15+00:00 ERROR cURL error 6: Could not resolve host: api.razorpay.com
2023-07-19T10:30:16+00:00 ERROR cURL error 6: Could not resolve host: api.razorpay.com
2023-07-19T10:30:16+00:00 ERROR cURL error 6: Could not resolve host: api.razorpay.com
2023-07-19T10:30:21+00:00 ERROR cURL error 6: Could not resolve host: api.razorpay.com
2023-07-19T10:30:21+00:00 ERROR cURL error 6: Could not resolve host: api.razorpay.com
2023-07-19T10:30:25+00:00 ERROR cURL error 6: Could not resolve host: api.razorpay.com
2023-07-19T10:30:25+00:00 ERROR cURL error 6: Could not resolve host: api.razorpay.com
2023-07-19T10:30:29+00:00 ERROR cURL error 6: Could not resolve host: api.razorpay.com
2023-07-19T10:30:29+00:00 ERROR cURL error 6: Could not resolve host: api.razorpay.com
2023-07-19T10:30:34+00:00 ERROR cURL error 6: Could not resolve host: api.razorpay.com
2023-07-19T10:30:34+00:00 ERROR cURL error 6: Could not resolve host: api.razorpay.com
2023-07-19T10:30:38+00:00 ERROR cURL error 6: Could not resolve host: api.razorpay.com
2023-07-19T10:30:38+00:00 ERROR cURL error 6: Could not resolve host: api.razorpay.com
2023-07-19T10:30:42+00:00 ERROR cURL error 6: Could not resolve host: api.razorpay.com
2023-07-19T10:30:42+00:00 ERROR cURL error 6: Could not resolve host: api.razorpay.com
2023-07-19T10:30:46+00:00 ERROR cURL error 6: Could not resolve host: api.razorpay.com
2023-07-19T10:30:46+00:00 ERROR cURL error 6: Could not resolve host: api.razorpay.com
2023-07-19T11:19:43+00:00 ERROR cURL error 6: Could not resolve host: api.razorpay.com
2023-07-19T11:23:43+00:00 ERROR cURL error 6: Could not resolve host: api.razorpay.com
2023-07-19T11:24:17+00:00 ERROR cURL error 6: Could not resolve host: api.razorpay.com
2023-07-19T11:26:19+00:00 ERROR cURL error 6: Could not resolve host: api.razorpay.com
2023-07-19T11:26:45+00:00 ERROR cURL error 6: Could not resolve host: api.razorpay.com
2023-07-19T11:27:11+00:00 ERROR cURL error 6: Could not resolve host: api.razorpay.com
2023-07-19T11:29:19+00:00 ERROR cURL error 6: Could not resolve host: api.razorpay.com
2023-07-19T11:31:26+00:00 ERROR cURL error 6: Could not resolve host: api.razorpay.com
2023-07-19T11:31:38+00:00 ERROR cURL error 6: Could not resolve host: api.razorpay.com
2023-07-19T11:31:38+00:00 ERROR cURL error 6: Could not resolve host: api.razorpay.com
2023-07-19T11:32:25+00:00 ERROR cURL error 6: Could not resolve host: api.razorpay.com
2023-07-19T11:32:25+00:00 ERROR cURL error 6: Could not resolve host: api.razorpay.com
2023-07-19T12:27:24+00:00 ERROR cURL error 6: Could not resolve host: api.razorpay.com
2023-07-19T12:27:24+00:00 ERROR cURL error 6: Could not resolve host: api.razorpay.com
2023-07-19T12:27:31+00:00 ERROR cURL error 6: Could not resolve host: api.razorpay.com
2023-07-19T12:27:31+00:00 ERROR cURL error 6: Could not resolve host: api.razorpay.com
2023-07-19T12:27:50+00:00 ERROR cURL error 6: Could not resolve host: api.razorpay.com
2023-07-19T12:27:50+00:00 ERROR cURL error 6: Could not resolve host: api.razorpay.com
2023-07-19T12:27:50+00:00 ERROR cURL error 6: Could not resolve host: api.razorpay.com
2023-07-19T12:27:50+00:00 ERROR cURL error 6: Could not resolve host: api.razorpay.com
2023-07-19T12:27:50+00:00 ERROR cURL error 6: Could not resolve host: api.razorpay.com
2023-07-19T12:27:52+00:00 ERROR cURL error 6: Could not resolve host: api.razorpay.com
2023-07-19T12:27:57+00:00 ERROR cURL error 6: Could not resolve host: api.razorpay.com
2023-07-19T12:27:57+00:00 ERROR cURL error 6: Could not resolve host: api.razorpay.com
2023-07-19T12:27:59+00:00 ERROR cURL error 6: Could not resolve host: api.razorpay.com
2023-07-19T12:27:59+00:00 ERROR cURL error 6: Could not resolve host: api.razorpay.com
2023-07-19T12:28:11+00:00 ERROR cURL error 6: Could not resolve host: api.razorpay.com
2023-07-19T12:28:21+00:00 ERROR cURL error 6: Could not resolve host: api.razorpay.com
2023-07-19T12:28:21+00:00 ERROR cURL error 6: Could not resolve host: api.razorpay.com
2023-07-19T12:30:42+00:00 ERROR cURL error 6: Could not resolve host: api.razorpay.com
2023-07-19T12:30:42+00:00 ERROR cURL error 6: Could not resolve host: api.razorpay.com
2023-07-19T12:31:25+00:00 ERROR cURL error 6: Could not resolve host: api.razorpay.com
2023-07-19T12:31:25+00:00 ERROR cURL error 6: Could not resolve host: api.razorpay.com
2023-07-19T12:31:38+00:00 ERROR cURL error 6: Could not resolve host: api.razorpay.com
2023-07-19T12:31:38+00:00 ERROR cURL error 6: Could not resolve host: api.razorpay.com
2023-07-19T12:31:38+00:00 ERROR cURL error 6: Could not resolve host: api.razorpay.com
2023-07-19T12:31:38+00:00 ERROR cURL error 6: Could not resolve host: api.razorpay.com
2023-07-19T12:31:39+00:00 ERROR cURL error 6: Could not resolve host: api.razorpay.com
2023-07-19T12:31:39+00:00 ERROR cURL error 6: Could not resolve host: api.razorpay.com
2023-07-19T12:32:33+00:00 ERROR cURL error 6: Could not resolve host: api.razorpay.com
2023-07-19T12:32:53+00:00 ERROR cURL error 6: Could not resolve host: api.razorpay.com
2023-07-19T12:32:53+00:00 ERROR cURL error 6: Could not resolve host: api.razorpay.com
2023-07-19T12:32:53+00:00 ERROR cURL error 6: Could not resolve host: api.razorpay.com
2023-07-19T12:32:55+00:00 ERROR cURL error 6: Could not resolve host: api.razorpay.com
2023-07-19T12:32:58+00:00 ERROR cURL error 6: Could not resolve host: api.razorpay.com
2023-07-19T12:32:58+00:00 ERROR cURL error 6: Could not resolve host: api.razorpay.com
2023-07-19T12:33:02+00:00 ERROR cURL error 6: Could not resolve host: api.razorpay.com
2023-07-19T12:33:02+00:00 ERROR cURL error 6: Could not resolve host: api.razorpay.com
2023-07-19T12:33:05+00:00 ERROR cURL error 6: Could not resolve host: api.razorpay.com
2023-07-19T12:33:05+00:00 ERROR cURL error 6: Could not resolve host: api.razorpay.com
2023-07-19T12:33:07+00:00 ERROR cURL error 6: Could not resolve host: api.razorpay.com
2023-07-19T12:33:07+00:00 ERROR cURL error 6: Could not resolve host: api.razorpay.com
2023-07-19T12:33:17+00:00 ERROR cURL error 6: Could not resolve host: api.razorpay.com
2023-07-19T12:33:17+00:00 ERROR cURL error 6: Could not resolve host: api.razorpay.com
2023-07-19T12:33:17+00:00 ERROR cURL error 6: Could not resolve host: api.razorpay.com
2023-07-19T12:33:17+00:00 ERROR cURL error 6: Could not resolve host: api.razorpay.com
2023-07-19T12:33:18+00:00 ERROR cURL error 6: Could not resolve host: api.razorpay.com
2023-07-19T12:33:18+00:00 ERROR cURL error 6: Could not resolve host: api.razorpay.com
2023-07-19T12:33:27+00:00 ERROR cURL error 6: Could not resolve host: api.razorpay.com
2023-07-19T12:33:27+00:00 ERROR cURL error 6: Could not resolve host: api.razorpay.com
2023-07-19T12:33:27+00:00 ERROR cURL error 6: Could not resolve host: api.razorpay.com
2023-07-19T12:33:28+00:00 ERROR cURL error 6: Could not resolve host: api.razorpay.com
2023-07-19T12:33:31+00:00 ERROR cURL error 6: Could not resolve host: api.razorpay.com
2023-07-19T12:33:31+00:00 ERROR cURL error 6: Could not resolve host: api.razorpay.com
2023-07-19T12:33:35+00:00 ERROR cURL error 6: Could not resolve host: api.razorpay.com
2023-07-19T12:33:35+00:00 ERROR cURL error 6: Could not resolve host: api.razorpay.com
2023-07-19T12:33:41+00:00 ERROR cURL error 6: Could not resolve host: api.razorpay.com
2023-07-19T12:33:41+00:00 ERROR cURL error 6: Could not resolve host: api.razorpay.com
2023-07-19T12:33:48+00:00 ERROR cURL error 6: Could not resolve host: api.razorpay.com
2023-07-19T12:33:50+00:00 ERROR cURL error 6: Could not resolve host: api.razorpay.com
2023-07-19T12:33:54+00:00 ERROR cURL error 6: Could not resolve host: api.razorpay.com
2023-07-19T12:33:55+00:00 ERROR cURL error 6: Could not resolve host: api.razorpay.com
2023-07-19T12:34:27+00:00 ERROR cURL error 6: Could not resolve host: api.razorpay.com
2023-07-19T12:34:29+00:00 ERROR cURL error 6: Could not resolve host: api.razorpay.com
2023-07-19T12:35:06+00:00 ERROR cURL error 6: Could not resolve host: api.razorpay.com
2023-07-19T12:37:52+00:00 ERROR cURL error 6: Could not resolve host: api.razorpay.com
2023-07-19T12:37:52+00:00 ERROR cURL error 6: Could not resolve host: api.razorpay.com
2023-07-19T12:38:18+00:00 ERROR cURL error 6: Could not resolve host: api.razorpay.com
2023-07-19T12:38:18+00:00 ERROR cURL error 6: Could not resolve host: api.razorpay.com
2023-07-19T12:38:28+00:00 ERROR cURL error 6: Could not resolve host: api.razorpay.com
2023-07-19T12:38:28+00:00 ERROR cURL error 6: Could not resolve host: api.razorpay.com
2023-07-19T12:38:48+00:00 ERROR cURL error 6: Could not resolve host: api.razorpay.com
2023-07-19T12:38:48+00:00 ERROR cURL error 6: Could not resolve host: api.razorpay.com
2023-07-19T12:40:43+00:00 ERROR cURL error 6: Could not resolve host: api.razorpay.com
2023-07-19T12:41:04+00:00 ERROR cURL error 6: Could not resolve host: api.razorpay.com
2023-07-19T12:41:04+00:00 ERROR cURL error 6: Could not resolve host: api.razorpay.com
2023-07-19T12:41:09+00:00 ERROR cURL error 6: Could not resolve host: api.razorpay.com
2023-07-19T12:41:09+00:00 ERROR cURL error 6: Could not resolve host: api.razorpay.com
2023-07-19T12:43:26+00:00 INFO Trying to create one_cc_address_sync_cron
2023-07-19T12:43:26+00:00 INFO Failed to create one_cc_address_sync_cron as invalid one cc merchant
2023-07-19T12:43:26+00:00 INFO Attempting to delete one_cc_address_sync_cron, status: cancelled, message: invalid_1cc_merchant
2023-07-19T12:43:26+00:00 INFO Deleted one_cc_address_sync_cron  if exists
2023-07-19T12:43:26+00:00 INFO updateAddressSyncCronData: status=cancelled, message=invalid_1cc_merchant, cronStatus=deleted
2023-07-19T12:43:26+00:00 INFO create one_cc_plugin_sync_cron successful
2023-07-19T12:43:53+00:00 ERROR cURL error 6: Could not resolve host: api.razorpay.com
2023-07-19T12:43:53+00:00 ERROR cURL error 6: Could not resolve host: api.razorpay.com
2023-07-19T12:46:01+00:00 ERROR cURL error 6: Could not resolve host: api.razorpay.com
2023-07-19T12:46:01+00:00 ERROR cURL error 6: Could not resolve host: api.razorpay.com
2023-07-19T12:46:05+00:00 ERROR cURL error 6: Could not resolve host: api.razorpay.com
2023-07-19T12:46:05+00:00 ERROR cURL error 6: Could not resolve host: api.razorpay.com
2023-07-19T12:46:15+00:00 ERROR cURL error 6: Could not resolve host: api.razorpay.com
2023-07-19T12:46:15+00:00 ERROR cURL error 6: Could not resolve host: api.razorpay.com
2023-07-19T12:47:45+00:00 ERROR cURL error 6: Could not resolve host: api.razorpay.com
2023-07-19T12:47:45+00:00 ERROR cURL error 6: Could not resolve host: api.razorpay.com
2023-07-19T12:48:12+00:00 ERROR cURL error 6: Could not resolve host: api.razorpay.com
2023-07-19T12:48:12+00:00 ERROR cURL error 6: Could not resolve host: api.razorpay.com
2023-07-19T12:48:15+00:00 ERROR cURL error 6: Could not resolve host: api.razorpay.com
2023-07-19T12:48:15+00:00 ERROR cURL error 6: Could not resolve host: api.razorpay.com
2023-07-19T12:48:39+00:00 ERROR cURL error 6: Could not resolve host: api.razorpay.com
2023-07-19T12:49:21+00:00 ERROR cURL error 6: Could not resolve host: api.razorpay.com
2023-07-19T12:49:21+00:00 ERROR cURL error 6: Could not resolve host: api.razorpay.com
2023-07-19T12:49:25+00:00 ERROR cURL error 6: Could not resolve host: api.razorpay.com
2023-07-19T12:49:25+00:00 ERROR cURL error 6: Could not resolve host: api.razorpay.com
2023-07-19T12:49:57+00:00 ERROR cURL error 6: Could not resolve host: api.razorpay.com
2023-07-19T12:49:57+00:00 ERROR cURL error 6: Could not resolve host: api.razorpay.com
2023-07-19T12:50:00+00:00 ERROR cURL error 6: Could not resolve host: api.razorpay.com
2023-07-19T12:50:00+00:00 ERROR cURL error 6: Could not resolve host: api.razorpay.com
2023-07-19T12:52:19+00:00 ERROR cURL error 6: Could not resolve host: api.razorpay.com
2023-07-19T12:52:19+00:00 ERROR cURL error 6: Could not resolve host: api.razorpay.com
2023-07-19T12:52:26+00:00 ERROR cURL error 6: Could not resolve host: api.razorpay.com
2023-07-19T12:52:26+00:00 ERROR cURL error 6: Could not resolve host: api.razorpay.com
2023-07-19T12:52:38+00:00 ERROR cURL error 6: Could not resolve host: api.razorpay.com
2023-07-19T12:52:38+00:00 ERROR cURL error 6: Could not resolve host: api.razorpay.com
2023-07-19T12:52:41+00:00 ERROR cURL error 6: Could not resolve host: api.razorpay.com
2023-07-19T12:52:41+00:00 ERROR cURL error 6: Could not resolve host: api.razorpay.com
2023-07-19T12:53:39+00:00 ERROR cURL error 6: Could not resolve host: api.razorpay.com
2023-07-19T12:53:39+00:00 ERROR cURL error 6: Could not resolve host: api.razorpay.com
2023-07-19T12:53:46+00:00 ERROR cURL error 6: Could not resolve host: api.razorpay.com
2023-07-19T12:53:46+00:00 ERROR cURL error 6: Could not resolve host: api.razorpay.com
2023-07-19T12:54:04+00:00 ERROR cURL error 6: Could not resolve host: api.razorpay.com
2023-07-19T12:54:04+00:00 ERROR cURL error 6: Could not resolve host: api.razorpay.com
2023-07-19T12:54:07+00:00 ERROR cURL error 6: Could not resolve host: api.razorpay.com
2023-07-19T12:54:07+00:00 ERROR cURL error 6: Could not resolve host: api.razorpay.com
2023-07-19T12:54:41+00:00 ERROR cURL error 6: Could not resolve host: api.razorpay.com
2023-07-19T12:54:41+00:00 ERROR cURL error 6: Could not resolve host: api.razorpay.com
2023-07-19T12:55:16+00:00 ERROR cURL error 6: Could not resolve host: api.razorpay.com
2023-07-19T12:55:16+00:00 ERROR cURL error 6: Could not resolve host: api.razorpay.com
2023-07-19T12:55:26+00:00 ERROR cURL error 6: Could not resolve host: api.razorpay.com
2023-07-19T12:55:26+00:00 ERROR cURL error 6: Could not resolve host: api.razorpay.com
2023-07-19T12:55:27+00:00 ERROR cURL error 6: Could not resolve host: api.razorpay.com
2023-07-19T12:55:27+00:00 ERROR cURL error 6: Could not resolve host: api.razorpay.com
2023-07-19T12:55:27+00:00 ERROR cURL error 6: Could not resolve host: api.razorpay.com
2023-07-19T12:55:27+00:00 ERROR cURL error 6: Could not resolve host: api.razorpay.com
2023-07-19T12:55:35+00:00 ERROR cURL error 6: Could not resolve host: api.razorpay.com
2023-07-19T12:55:35+00:00 ERROR cURL error 6: Could not resolve host: api.razorpay.com
2023-07-19T12:55:35+00:00 ERROR cURL error 6: Could not resolve host: api.razorpay.com
2023-07-19T12:55:35+00:00 ERROR cURL error 6: Could not resolve host: api.razorpay.com
2023-07-19T12:55:35+00:00 ERROR cURL error 6: Could not resolve host: api.razorpay.com
2023-07-19T12:55:39+00:00 ERROR cURL error 6: Could not resolve host: api.razorpay.com
2023-07-19T12:55:39+00:00 ERROR cURL error 6: Could not resolve host: api.razorpay.com
2023-07-19T12:55:54+00:00 ERROR cURL error 6: Could not resolve host: api.razorpay.com
2023-07-19T12:55:54+00:00 ERROR cURL error 6: Could not resolve host: api.razorpay.com
2023-07-19T12:55:54+00:00 ERROR cURL error 6: Could not resolve host: api.razorpay.com
2023-07-19T12:55:55+00:00 ERROR cURL error 6: Could not resolve host: api.razorpay.com
2023-07-19T12:55:55+00:00 ERROR cURL error 6: Could not resolve host: api.razorpay.com
2023-07-19T12:55:56+00:00 ERROR cURL error 6: Could not resolve host: api.razorpay.com
2023-07-19T12:55:59+00:00 ERROR cURL error 6: Could not resolve host: api.razorpay.com
2023-07-19T12:56:33+00:00 ERROR cURL error 6: Could not resolve host: api.razorpay.com
2023-07-19T12:56:33+00:00 ERROR cURL error 6: Could not resolve host: api.razorpay.com
2023-07-19T12:56:44+00:00 ERROR cURL error 6: Could not resolve host: api.razorpay.com
2023-07-19T12:56:46+00:00 ERROR cURL error 6: Could not resolve host: api.razorpay.com
2023-07-19T12:56:57+00:00 ERROR cURL error 6: Could not resolve host: api.razorpay.com
2023-07-19T12:57:45+00:00 ERROR cURL error 6: Could not resolve host: api.razorpay.com
2023-07-19T12:59:51+00:00 ERROR cURL error 6: Could not resolve host: api.razorpay.com
2023-07-19T12:59:51+00:00 ERROR cURL error 6: Could not resolve host: api.razorpay.com
2023-07-19T13:00:04+00:00 ERROR cURL error 6: Could not resolve host: api.razorpay.com
2023-07-19T13:00:05+00:00 ERROR cURL error 6: Could not resolve host: api.razorpay.com
2023-07-19T13:00:05+00:00 ERROR cURL error 6: Could not resolve host: api.razorpay.com
2023-07-19T13:00:05+00:00 ERROR cURL error 6: Could not resolve host: api.razorpay.com
2023-07-19T13:00:05+00:00 ERROR cURL error 6: Could not resolve host: api.razorpay.com
2023-07-19T13:00:05+00:00 ERROR cURL error 6: Could not resolve host: api.razorpay.com
2023-07-19T13:00:10+00:00 ERROR cURL error 6: Could not resolve host: api.razorpay.com
2023-07-19T13:00:10+00:00 ERROR cURL error 6: Could not resolve host: api.razorpay.com
2023-07-19T13:00:11+00:00 ERROR cURL error 6: Could not resolve host: api.razorpay.com
2023-07-19T13:00:16+00:00 ERROR cURL error 6: Could not resolve host: api.razorpay.com
2023-07-19T13:00:16+00:00 ERROR cURL error 6: Could not resolve host: api.razorpay.com
2023-07-19T13:00:46+00:00 ERROR cURL error 28: SSL connection timeout
2023-07-19T13:00:56+00:00 ERROR cURL error 28: SSL connection timeout
2023-07-19T13:02:12+00:00 INFO Trying to create one_cc_address_sync_cron
2023-07-19T13:02:12+00:00 INFO Failed to create one_cc_address_sync_cron as invalid one cc merchant
2023-07-19T13:02:12+00:00 INFO Attempting to delete one_cc_address_sync_cron, status: cancelled, message: invalid_1cc_merchant
2023-07-19T13:02:12+00:00 INFO Deleted one_cc_address_sync_cron  if exists
2023-07-19T13:02:12+00:00 INFO updateAddressSyncCronData: status=cancelled, message=invalid_1cc_merchant, cronStatus=deleted
2023-07-19T13:02:12+00:00 INFO create one_cc_plugin_sync_cron successful
2023-07-19T13:09:10+00:00 ERROR cURL error 6: Could not resolve host: api.razorpay.com
2023-07-19T13:09:10+00:00 ERROR cURL error 6: Could not resolve host: api.razorpay.com
2023-07-19T13:09:19+00:00 ERROR cURL error 6: Could not resolve host: api.razorpay.com
2023-07-19T13:09:19+00:00 ERROR cURL error 6: Could not resolve host: api.razorpay.com
2023-07-19T13:10:01+00:00 ERROR cURL error 6: Could not resolve host: api.razorpay.com
2023-07-19T13:10:01+00:00 ERROR cURL error 6: Could not resolve host: api.razorpay.com
2023-07-19T13:10:03+00:00 ERROR cURL error 6: Could not resolve host: api.razorpay.com
2023-07-19T13:10:03+00:00 ERROR cURL error 6: Could not resolve host: api.razorpay.com
2023-07-19T13:11:59+00:00 ERROR cURL error 6: Could not resolve host: api.razorpay.com
2023-07-19T13:12:02+00:00 ERROR cURL error 6: Could not resolve host: api.razorpay.com
2023-07-19T13:12:51+00:00 ERROR cURL error 6: Could not resolve host: api.razorpay.com
2023-07-19T13:12:54+00:00 ERROR cURL error 6: Could not resolve host: api.razorpay.com
2023-07-19T13:13:28+00:00 ERROR cURL error 6: Could not resolve host: api.razorpay.com
2023-07-19T13:13:28+00:00 ERROR cURL error 6: Could not resolve host: api.razorpay.com
2023-07-19T13:13:29+00:00 ERROR cURL error 6: Could not resolve host: api.razorpay.com
2023-07-19T13:13:29+00:00 ERROR cURL error 6: Could not resolve host: api.razorpay.com
2023-07-19T13:13:33+00:00 ERROR cURL error 6: Could not resolve host: api.razorpay.com
2023-07-19T13:13:36+00:00 ERROR cURL error 6: Could not resolve host: api.razorpay.com
2023-07-19T13:13:39+00:00 ERROR cURL error 6: Could not resolve host: api.razorpay.com
2023-07-19T13:13:42+00:00 ERROR cURL error 6: Could not resolve host: api.razorpay.com
2023-07-19T13:13:53+00:00 ERROR cURL error 6: Could not resolve host: api.razorpay.com
2023-07-19T13:13:56+00:00 ERROR cURL error 6: Could not resolve host: api.razorpay.com
2023-07-19T13:14:04+00:00 ERROR cURL error 6: Could not resolve host: api.razorpay.com
2023-07-19T13:14:05+00:00 ERROR cURL error 6: Could not resolve host: api.razorpay.com
2023-07-19T13:14:14+00:00 ERROR cURL error 6: Could not resolve host: api.razorpay.com
2023-07-19T13:14:18+00:00 ERROR cURL error 6: Could not resolve host: api.razorpay.com
2023-07-19T13:14:43+00:00 ERROR cURL error 6: Could not resolve host: api.razorpay.com
2023-07-19T13:14:46+00:00 ERROR cURL error 6: Could not resolve host: api.razorpay.com
2023-07-19T13:18:18+00:00 ERROR cURL error 6: Could not resolve host: api.razorpay.com
2023-07-19T13:18:18+00:00 ERROR cURL error 6: Could not resolve host: api.razorpay.com
2023-07-19T13:18:32+00:00 ERROR cURL error 6: Could not resolve host: api.razorpay.com
2023-07-19T13:18:37+00:00 ERROR cURL error 6: Could not resolve host: api.razorpay.com
2023-07-19T13:18:37+00:00 ERROR cURL error 6: Could not resolve host: api.razorpay.com
2023-07-19T13:38:16+00:00 ERROR cURL error 6: Could not resolve host: api.razorpay.com
2023-07-19T13:38:16+00:00 ERROR cURL error 6: Could not resolve host: api.razorpay.com
2023-07-19T13:41:24+00:00 ERROR cURL error 6: Could not resolve host: api.razorpay.com
2023-07-19T13:41:30+00:00 ERROR cURL error 6: Could not resolve host: api.razorpay.com
2023-07-19T13:41:30+00:00 ERROR cURL error 6: Could not resolve host: api.razorpay.com
2023-07-19T13:43:36+00:00 ERROR cURL error 6: Could not resolve host: api.razorpay.com
2023-07-19T13:43:39+00:00 ERROR cURL error 6: Could not resolve host: api.razorpay.com
2023-07-19T13:43:49+00:00 ERROR cURL error 6: Could not resolve host: api.razorpay.com
2023-07-19T13:43:49+00:00 ERROR cURL error 6: Could not resolve host: api.razorpay.com
2023-07-19T13:43:52+00:00 ERROR cURL error 6: Could not resolve host: api.razorpay.com
2023-07-19T13:43:52+00:00 ERROR cURL error 6: Could not resolve host: api.razorpay.com
2023-07-19T13:44:02+00:00 ERROR cURL error 6: Could not resolve host: api.razorpay.com
2023-07-19T13:44:06+00:00 ERROR cURL error 6: Could not resolve host: api.razorpay.com
2023-07-19T13:44:06+00:00 ERROR cURL error 6: Could not resolve host: api.razorpay.com
2023-07-19T13:44:10+00:00 ERROR cURL error 6: Could not resolve host: api.razorpay.com
2023-07-19T13:44:14+00:00 ERROR cURL error 6: Could not resolve host: api.razorpay.com
2023-07-19T13:45:52+00:00 ERROR cURL error 6: Could not resolve host: api.razorpay.com
2023-07-19T13:45:52+00:00 ERROR cURL error 6: Could not resolve host: api.razorpay.com
2023-07-19T13:46:03+00:00 ERROR cURL error 6: Could not resolve host: api.razorpay.com
2023-07-19T13:46:03+00:00 ERROR cURL error 6: Could not resolve host: api.razorpay.com
2023-07-19T13:46:03+00:00 ERROR cURL error 6: Could not resolve host: api.razorpay.com
2023-07-19T13:46:03+00:00 ERROR cURL error 6: Could not resolve host: api.razorpay.com
2023-07-19T13:46:03+00:00 ERROR cURL error 6: Could not resolve host: api.razorpay.com
2023-07-19T13:46:07+00:00 ERROR cURL error 6: Could not resolve host: api.razorpay.com
2023-07-19T13:46:07+00:00 ERROR cURL error 6: Could not resolve host: api.razorpay.com
2023-07-19T13:46:07+00:00 ERROR cURL error 6: Could not resolve host: api.razorpay.com
2023-07-19T13:46:25+00:00 ERROR cURL error 6: Could not resolve host: api.razorpay.com
2023-07-19T13:46:29+00:00 ERROR cURL error 6: Could not resolve host: api.razorpay.com
2023-07-19T13:46:30+00:00 ERROR cURL error 6: Could not resolve host: api.razorpay.com
2023-07-19T13:46:59+00:00 ERROR cURL error 6: Could not resolve host: api.razorpay.com
2023-07-19T13:47:06+00:00 ERROR cURL error 6: Could not resolve host: api.razorpay.com
2023-07-19T13:47:15+00:00 ERROR cURL error 6: Could not resolve host: api.razorpay.com
2023-07-19T13:47:19+00:00 ERROR cURL error 6: Could not resolve host: api.razorpay.com
2023-07-19T13:47:37+00:00 ERROR cURL error 6: Could not resolve host: api.razorpay.com
2023-07-19T13:47:37+00:00 ERROR cURL error 6: Could not resolve host: api.razorpay.com
2023-07-19T13:47:40+00:00 ERROR cURL error 6: Could not resolve host: api.razorpay.com
2023-07-19T13:47:40+00:00 ERROR cURL error 6: Could not resolve host: api.razorpay.com
2023-07-19T13:47:43+00:00 ERROR cURL error 6: Could not resolve host: api.razorpay.com
2023-07-19T13:47:43+00:00 ERROR cURL error 6: Could not resolve host: api.razorpay.com
2023-07-19T13:47:51+00:00 ERROR cURL error 6: Could not resolve host: api.razorpay.com
2023-07-19T13:47:51+00:00 ERROR cURL error 6: Could not resolve host: api.razorpay.com
2023-07-19T13:47:51+00:00 ERROR cURL error 6: Could not resolve host: api.razorpay.com
2023-07-19T13:47:51+00:00 ERROR cURL error 6: Could not resolve host: api.razorpay.com
2023-07-19T13:47:51+00:00 ERROR cURL error 6: Could not resolve host: api.razorpay.com
2023-07-19T13:47:55+00:00 ERROR cURL error 6: Could not resolve host: api.razorpay.com
2023-07-19T13:47:55+00:00 ERROR cURL error 6: Could not resolve host: api.razorpay.com
2023-07-19T13:47:55+00:00 ERROR cURL error 6: Could not resolve host: api.razorpay.com
2023-07-19T13:48:02+00:00 ERROR cURL error 6: Could not resolve host: api.razorpay.com
2023-07-19T13:48:02+00:00 ERROR cURL error 6: Could not resolve host: api.razorpay.com
2023-07-19T13:48:13+00:00 ERROR cURL error 6: Could not resolve host: api.razorpay.com
2023-07-19T13:48:13+00:00 ERROR cURL error 6: Could not resolve host: api.razorpay.com
2023-07-19T13:48:13+00:00 ERROR cURL error 6: Could not resolve host: api.razorpay.com
2023-07-19T13:48:13+00:00 ERROR cURL error 6: Could not resolve host: api.razorpay.com
2023-07-19T13:48:14+00:00 ERROR cURL error 6: Could not resolve host: api.razorpay.com
2023-07-19T13:48:18+00:00 ERROR cURL error 6: Could not resolve host: api.razorpay.com
2023-07-19T13:48:18+00:00 ERROR cURL error 6: Could not resolve host: api.razorpay.com
2023-07-19T13:48:18+00:00 ERROR cURL error 6: Could not resolve host: api.razorpay.com
