2023-07-22T04:46:10+00:00 INFO Trying to create one_cc_address_sync_cron
2023-07-22T04:46:10+00:00 INFO Failed to create one_cc_address_sync_cron as invalid one cc merchant
2023-07-22T04:46:10+00:00 INFO Attempting to delete one_cc_address_sync_cron, status: cancelled, message: invalid_1cc_merchant
2023-07-22T04:46:10+00:00 INFO Deleted one_cc_address_sync_cron  if exists
2023-07-22T04:46:10+00:00 INFO updateAddressSyncCronData: status=cancelled, message=invalid_1cc_merchant, cronStatus=deleted
2023-07-22T04:46:10+00:00 INFO create one_cc_plugin_sync_cron successful
2023-07-22T04:55:49+00:00 ERROR cURL error 6: Could not resolve host: api.razorpay.com
2023-07-22T04:55:55+00:00 ERROR cURL error 6: Could not resolve host: api.razorpay.com
2023-07-22T04:56:21+00:00 ERROR cURL error 6: Could not resolve host: api.razorpay.com
2023-07-22T04:56:21+00:00 ERROR cURL error 6: Could not resolve host: api.razorpay.com
2023-07-22T04:56:49+00:00 ERROR cURL error 6: Could not resolve host: api.razorpay.com
2023-07-22T04:56:49+00:00 ERROR cURL error 6: Could not resolve host: api.razorpay.com
2023-07-22T04:56:58+00:00 ERROR cURL error 6: Could not resolve host: api.razorpay.com
2023-07-22T04:56:58+00:00 ERROR cURL error 6: Could not resolve host: api.razorpay.com
2023-07-22T04:56:58+00:00 ERROR cURL error 6: Could not resolve host: api.razorpay.com
2023-07-22T04:56:58+00:00 ERROR cURL error 6: Could not resolve host: api.razorpay.com
2023-07-22T04:56:58+00:00 ERROR cURL error 6: Could not resolve host: api.razorpay.com
2023-07-22T04:56:58+00:00 ERROR cURL error 6: Could not resolve host: api.razorpay.com
2023-07-22T04:56:59+00:00 ERROR cURL error 6: Could not resolve host: api.razorpay.com
2023-07-22T04:56:59+00:00 ERROR cURL error 6: Could not resolve host: api.razorpay.com
2023-07-22T04:57:07+00:00 ERROR cURL error 6: Could not resolve host: api.razorpay.com
2023-07-22T04:57:07+00:00 ERROR cURL error 6: Could not resolve host: api.razorpay.com
2023-07-22T04:57:07+00:00 ERROR cURL error 6: Could not resolve host: api.razorpay.com
2023-07-22T04:57:07+00:00 ERROR cURL error 6: Could not resolve host: api.razorpay.com
2023-07-22T04:57:07+00:00 ERROR cURL error 6: Could not resolve host: api.razorpay.com
2023-07-22T04:57:07+00:00 ERROR cURL error 6: Could not resolve host: api.razorpay.com
2023-07-22T04:57:10+00:00 ERROR cURL error 6: Could not resolve host: api.razorpay.com
2023-07-22T04:57:10+00:00 ERROR cURL error 6: Could not resolve host: api.razorpay.com
2023-07-22T05:07:30+00:00 ERROR cURL error 6: Could not resolve host: api.razorpay.com
2023-07-22T05:07:30+00:00 ERROR cURL error 6: Could not resolve host: api.razorpay.com
2023-07-22T05:07:41+00:00 ERROR cURL error 6: Could not resolve host: api.razorpay.com
2023-07-22T05:07:42+00:00 ERROR cURL error 6: Could not resolve host: api.razorpay.com
2023-07-22T05:07:42+00:00 ERROR cURL error 6: Could not resolve host: api.razorpay.com
2023-07-22T05:07:42+00:00 ERROR cURL error 6: Could not resolve host: api.razorpay.com
2023-07-22T05:07:42+00:00 ERROR cURL error 6: Could not resolve host: api.razorpay.com
2023-07-22T05:07:42+00:00 ERROR cURL error 6: Could not resolve host: api.razorpay.com
2023-07-22T05:07:47+00:00 ERROR cURL error 6: Could not resolve host: api.razorpay.com
2023-07-22T05:07:47+00:00 ERROR cURL error 6: Could not resolve host: api.razorpay.com
2023-07-22T05:55:02+00:00 ERROR cURL error 6: Could not resolve host: api.razorpay.com
2023-07-22T05:55:02+00:00 ERROR cURL error 6: Could not resolve host: api.razorpay.com
2023-07-22T06:38:10+00:00 ERROR cURL error 28: Operation timed out after 60016 milliseconds with 0 bytes received
2023-07-22T06:38:23+00:00 ERROR cURL error 6: Could not resolve host: api.razorpay.com
2023-07-22T06:38:23+00:00 ERROR cURL error 6: Could not resolve host: api.razorpay.com
2023-07-22T06:38:23+00:00 ERROR cURL error 6: Could not resolve host: api.razorpay.com
2023-07-22T06:38:23+00:00 ERROR cURL error 6: Could not resolve host: api.razorpay.com
2023-07-22T06:38:24+00:00 ERROR cURL error 6: Could not resolve host: api.razorpay.com
2023-07-22T06:38:28+00:00 ERROR cURL error 6: Could not resolve host: api.razorpay.com
2023-07-22T06:38:28+00:00 ERROR cURL error 6: Could not resolve host: api.razorpay.com
2023-07-22T06:38:28+00:00 ERROR cURL error 6: Could not resolve host: api.razorpay.com
2023-07-22T06:57:36+00:00 ERROR cURL error 6: Could not resolve host: api.razorpay.com
2023-07-22T06:57:36+00:00 ERROR cURL error 6: Could not resolve host: api.razorpay.com
2023-07-22T08:55:15+00:00 INFO Trying to create one_cc_address_sync_cron
2023-07-22T08:55:15+00:00 INFO Failed to create one_cc_address_sync_cron as invalid one cc merchant
2023-07-22T08:55:15+00:00 INFO Attempting to delete one_cc_address_sync_cron, status: cancelled, message: invalid_1cc_merchant
2023-07-22T08:55:15+00:00 INFO Deleted one_cc_address_sync_cron  if exists
2023-07-22T08:55:15+00:00 INFO updateAddressSyncCronData: status=cancelled, message=invalid_1cc_merchant, cronStatus=deleted
2023-07-22T08:55:15+00:00 INFO create one_cc_plugin_sync_cron successful
2023-07-22T09:03:51+00:00 INFO Trying to create one_cc_address_sync_cron
2023-07-22T09:03:51+00:00 INFO Failed to create one_cc_address_sync_cron as invalid one cc merchant
2023-07-22T09:03:51+00:00 INFO Attempting to delete one_cc_address_sync_cron, status: cancelled, message: invalid_1cc_merchant
2023-07-22T09:03:51+00:00 INFO Deleted one_cc_address_sync_cron  if exists
2023-07-22T09:03:51+00:00 INFO updateAddressSyncCronData: status=cancelled, message=invalid_1cc_merchant, cronStatus=deleted
2023-07-22T09:03:51+00:00 INFO create one_cc_plugin_sync_cron successful
2023-07-22T09:19:19+00:00 INFO Trying to create one_cc_address_sync_cron
2023-07-22T09:19:19+00:00 INFO Failed to create one_cc_address_sync_cron as invalid one cc merchant
2023-07-22T09:19:19+00:00 INFO Attempting to delete one_cc_address_sync_cron, status: cancelled, message: invalid_1cc_merchant
2023-07-22T09:19:19+00:00 INFO Deleted one_cc_address_sync_cron  if exists
2023-07-22T09:19:19+00:00 INFO updateAddressSyncCronData: status=cancelled, message=invalid_1cc_merchant, cronStatus=deleted
2023-07-22T09:19:19+00:00 INFO create one_cc_plugin_sync_cron successful
2023-07-22T09:22:54+00:00 INFO Trying to create one_cc_address_sync_cron
2023-07-22T09:22:54+00:00 INFO Failed to create one_cc_address_sync_cron as invalid one cc merchant
2023-07-22T09:22:54+00:00 INFO Attempting to delete one_cc_address_sync_cron, status: cancelled, message: invalid_1cc_merchant
2023-07-22T09:22:54+00:00 INFO Deleted one_cc_address_sync_cron  if exists
2023-07-22T09:22:54+00:00 INFO updateAddressSyncCronData: status=cancelled, message=invalid_1cc_merchant, cronStatus=deleted
2023-07-22T09:22:54+00:00 INFO create one_cc_plugin_sync_cron successful
2023-07-22T09:32:05+00:00 INFO Trying to create one_cc_address_sync_cron
2023-07-22T09:32:05+00:00 INFO Failed to create one_cc_address_sync_cron as invalid one cc merchant
2023-07-22T09:32:05+00:00 INFO Attempting to delete one_cc_address_sync_cron, status: cancelled, message: invalid_1cc_merchant
2023-07-22T09:32:05+00:00 INFO Deleted one_cc_address_sync_cron  if exists
2023-07-22T09:32:05+00:00 INFO updateAddressSyncCronData: status=cancelled, message=invalid_1cc_merchant, cronStatus=deleted
2023-07-22T09:32:05+00:00 INFO create one_cc_plugin_sync_cron successful
2023-07-22T09:38:24+00:00 ERROR cURL error 6: Could not resolve host: api.razorpay.com
2023-07-22T09:38:24+00:00 ERROR cURL error 6: Could not resolve host: api.razorpay.com
2023-07-22T09:38:40+00:00 ERROR cURL error 6: Could not resolve host: api.razorpay.com
2023-07-22T09:38:40+00:00 ERROR cURL error 6: Could not resolve host: api.razorpay.com
2023-07-22T09:38:49+00:00 ERROR cURL error 6: Could not resolve host: api.razorpay.com
2023-07-22T09:38:49+00:00 ERROR cURL error 6: Could not resolve host: api.razorpay.com
2023-07-22T09:40:31+00:00 ERROR cURL error 6: Could not resolve host: api.razorpay.com
2023-07-22T09:40:31+00:00 ERROR cURL error 6: Could not resolve host: api.razorpay.com
2023-07-22T09:41:14+00:00 ERROR cURL error 6: Could not resolve host: api.razorpay.com
2023-07-22T09:41:14+00:00 ERROR cURL error 6: Could not resolve host: api.razorpay.com
2023-07-22T09:50:57+00:00 INFO Trying to create one_cc_address_sync_cron
2023-07-22T09:50:57+00:00 INFO Failed to create one_cc_address_sync_cron as invalid one cc merchant
2023-07-22T09:50:57+00:00 INFO Attempting to delete one_cc_address_sync_cron, status: cancelled, message: invalid_1cc_merchant
2023-07-22T09:50:57+00:00 INFO Deleted one_cc_address_sync_cron  if exists
2023-07-22T09:50:57+00:00 INFO updateAddressSyncCronData: status=cancelled, message=invalid_1cc_merchant, cronStatus=deleted
2023-07-22T09:50:57+00:00 INFO create one_cc_plugin_sync_cron successful
2023-07-22T10:01:29+00:00 INFO Trying to create one_cc_address_sync_cron
2023-07-22T10:01:29+00:00 INFO Failed to create one_cc_address_sync_cron as invalid one cc merchant
2023-07-22T10:01:29+00:00 INFO Attempting to delete one_cc_address_sync_cron, status: cancelled, message: invalid_1cc_merchant
2023-07-22T10:01:29+00:00 INFO Deleted one_cc_address_sync_cron  if exists
2023-07-22T10:01:29+00:00 INFO updateAddressSyncCronData: status=cancelled, message=invalid_1cc_merchant, cronStatus=deleted
2023-07-22T10:01:29+00:00 INFO create one_cc_plugin_sync_cron successful
2023-07-22T10:29:32+00:00 ERROR cURL error 28: SSL connection timeout
2023-07-22T10:29:36+00:00 ERROR cURL error 28: Resolving timed out after 10001 milliseconds
2023-07-22T10:29:43+00:00 ERROR cURL error 28: Resolving timed out after 10011 milliseconds
2023-07-22T10:45:37+00:00 ERROR cURL error 6: Could not resolve host: api.razorpay.com
2023-07-22T10:45:37+00:00 ERROR cURL error 6: Could not resolve host: api.razorpay.com
2023-07-22T10:49:53+00:00 ERROR cURL error 6: Could not resolve host: api.razorpay.com
2023-07-22T10:49:53+00:00 ERROR cURL error 6: Could not resolve host: api.razorpay.com
2023-07-22T10:49:56+00:00 ERROR cURL error 6: Could not resolve host: api.razorpay.com
2023-07-22T10:49:56+00:00 ERROR cURL error 6: Could not resolve host: api.razorpay.com
2023-07-22T10:50:04+00:00 ERROR cURL error 6: Could not resolve host: api.razorpay.com
2023-07-22T10:50:04+00:00 ERROR cURL error 6: Could not resolve host: api.razorpay.com
2023-07-22T10:50:08+00:00 ERROR cURL error 6: Could not resolve host: api.razorpay.com
2023-07-22T10:50:08+00:00 ERROR cURL error 6: Could not resolve host: api.razorpay.com
2023-07-22T16:23:29+00:00 INFO Trying to create one_cc_address_sync_cron
2023-07-22T16:23:29+00:00 INFO Failed to create one_cc_address_sync_cron as invalid one cc merchant
2023-07-22T16:23:29+00:00 INFO Attempting to delete one_cc_address_sync_cron, status: cancelled, message: invalid_1cc_merchant
2023-07-22T16:23:29+00:00 INFO Deleted one_cc_address_sync_cron  if exists
2023-07-22T16:23:29+00:00 INFO updateAddressSyncCronData: status=cancelled, message=invalid_1cc_merchant, cronStatus=deleted
2023-07-22T16:23:29+00:00 INFO create one_cc_plugin_sync_cron successful
2023-07-22T16:24:36+00:00 INFO Trying to create one_cc_address_sync_cron
2023-07-22T16:24:36+00:00 INFO Failed to create one_cc_address_sync_cron as invalid one cc merchant
2023-07-22T16:24:36+00:00 INFO Attempting to delete one_cc_address_sync_cron, status: cancelled, message: invalid_1cc_merchant
2023-07-22T16:24:36+00:00 INFO Deleted one_cc_address_sync_cron  if exists
2023-07-22T16:24:36+00:00 INFO updateAddressSyncCronData: status=cancelled, message=invalid_1cc_merchant, cronStatus=deleted
2023-07-22T16:24:36+00:00 INFO create one_cc_plugin_sync_cron successful
2023-07-22T16:26:05+00:00 INFO Trying to create one_cc_address_sync_cron
2023-07-22T16:26:05+00:00 INFO Failed to create one_cc_address_sync_cron as invalid one cc merchant
2023-07-22T16:26:05+00:00 INFO Attempting to delete one_cc_address_sync_cron, status: cancelled, message: invalid_1cc_merchant
2023-07-22T16:26:05+00:00 INFO Deleted one_cc_address_sync_cron  if exists
2023-07-22T16:26:05+00:00 INFO updateAddressSyncCronData: status=cancelled, message=invalid_1cc_merchant, cronStatus=deleted
2023-07-22T16:26:05+00:00 INFO create one_cc_plugin_sync_cron successful
2023-07-22T16:39:59+00:00 ERROR cURL error 6: Could not resolve host: api.razorpay.com
2023-07-22T16:39:59+00:00 ERROR cURL error 6: Could not resolve host: api.razorpay.com
2023-07-22T16:52:45+00:00 INFO Trying to create one_cc_address_sync_cron
2023-07-22T16:52:45+00:00 INFO Failed to create one_cc_address_sync_cron as invalid one cc merchant
2023-07-22T16:52:45+00:00 INFO Attempting to delete one_cc_address_sync_cron, status: cancelled, message: invalid_1cc_merchant
2023-07-22T16:52:45+00:00 INFO Deleted one_cc_address_sync_cron  if exists
2023-07-22T16:52:45+00:00 INFO updateAddressSyncCronData: status=cancelled, message=invalid_1cc_merchant, cronStatus=deleted
2023-07-22T16:52:45+00:00 INFO create one_cc_plugin_sync_cron successful
